Using pre-set license
Built from '2020.3/china_unity/release' branch; Version is '2020.3.0f1c1 (1e553bf703d9) revision 1987899'; Using compiler version '192528614'; Build Type 'Release'
OS: 'Windows 10 Home China; OS build 22631.3593; Version 2009; 64bit' Language: 'zh' Physical Memory: 15773 MB
BatchMode: 1, IsHumanControllingUs: 0, StartBugReporterOnCrash: 0, Is64bit: 1, IsPro: 0

 COMMAND LINE ARGUMENTS:
E:\unity\2020.3.0f1c1\Editor\Unity.exe
-adb2
-batchMode
-noUpm
-name
AssetImportWorker0
-projectPath
D:/unity/Anim
-logFile
Logs/AssetImportWorker0.log
-srvPort
64599
Successfully changed project path to: D:/unity/Anim
D:/unity/Anim
Using Asset Import Pipeline V2.
Refreshing native plugins compatible for Editor in 23.49 ms, found 0 plugins.
Preloading 0 native plugins for Editor in 0.00 ms.
Initialize engine version: 2020.3.0f1c1 (1e553bf703d9)
[Subsystems] Discovering subsystems at path E:/unity/2020.3.0f1c1/Editor/Data/Resources/UnitySubsystems
[Subsystems] Discovering subsystems at path D:/unity/Anim/Assets
GfxDevice: creating device client; threaded=0
Direct3D:
    Version:  Direct3D 11.0 [level 11.1]
    Renderer: NVIDIA GeForce RTX 3060 Laptop GPU (ID=0x2520)
    Vendor:   
    VRAM:     6009 MB
    Driver:   31.0.15.3168
Initialize mono
Mono path[0] = 'E:/unity/2020.3.0f1c1/Editor/Data/Managed'
Mono path[1] = 'E:/unity/2020.3.0f1c1/Editor/Data/MonoBleedingEdge/lib/mono/unityjit'
Mono config path = 'E:/unity/2020.3.0f1c1/Editor/Data/MonoBleedingEdge/etc'
Using monoOptions --debugger-agent=transport=dt_socket,embedding=1,server=y,suspend=n,address=127.0.0.1:56812
Begin MonoManager ReloadAssembly
Registering precompiled unity dll's ...
Register platform support module: E:/unity/2020.3.0f1c1/Editor/Data/PlaybackEngines/WindowsStandaloneSupport/UnityEditor.WindowsStandalone.Extensions.dll
Registered in 0.000858 seconds.
Native extension for WindowsStandalone target not found
Refreshing native plugins compatible for Editor in 23.51 ms, found 0 plugins.
Preloading 0 native plugins for Editor in 0.00 ms.
Invoked RoslynAnalysisRunner static constructor.
RoslynAnalysisRunner will not be running.
RoslynAnalysisRunner has terminated.
Mono: successfully reloaded assembly
- Completed reload, in  0.667 seconds
Platform modules already initialized, skipping
Registering precompiled user dll's ...
Registered in 0.000544 seconds.
Begin MonoManager ReloadAssembly
Native extension for WindowsStandalone target not found
Refreshing native plugins compatible for Editor in 0.34 ms, found 0 plugins.
Preloading 0 native plugins for Editor in 0.00 ms.
Invoked RoslynAnalysisRunner static constructor.
RoslynAnalysisRunner will not be running.
RoslynAnalysisRunner has terminated.
Mono: successfully reloaded assembly
- Completed reload, in  0.556 seconds
Platform modules already initialized, skipping
========================================================================
Worker process is ready to serve import requests
Launched and connected shader compiler UnityShaderCompiler.exe after 0.05 seconds
Refreshing native plugins compatible for Editor in 0.37 ms, found 0 plugins.
Preloading 0 native plugins for Editor in 0.00 ms.
Unloading 1235 Unused Serialized files (Serialized files now loaded: 0)
System memory in use before: 109.1 MB.
System memory in use after: 98.8 MB.

Unloading 67 unused Assets to reduce memory usage. Loaded Objects now: 1643.
Total: 7.238400 ms (FindLiveObjects: 0.194000 ms CreateObjectMapping: 0.030400 ms MarkObjects: 1.361600 ms  DeleteObjects: 5.651400 ms)

========================================================================
Received Import Request.
  path: Assets/Toon Gas Station/Scenes/Demo_Scene_1.unity
  artifactKey: Guid(40ef6e60490d68541971945758777f58) Importer(815301076,1909f56bfc062723c751e8b465ee728b)
Start importing Assets/Toon Gas Station/Scenes/Demo_Scene_1.unity using Guid(40ef6e60490d68541971945758777f58) Importer(815301076,1909f56bfc062723c751e8b465ee728b)  -> (artifact id: '9f346a3632c7478b41fe64e9fa80351c') in 0.014225 seconds
  Import took 0.017152 seconds .

========================================================================
Received Import Request.
  Time since last request: 26.585711 seconds.
  path: Assets/Image/头像1.png
  artifactKey: Guid(282b202df2c0a5742b4c164286ac4e91) Importer(815301076,1909f56bfc062723c751e8b465ee728b)
Start importing Assets/Image/头像1.png using Guid(282b202df2c0a5742b4c164286ac4e91) Importer(815301076,1909f56bfc062723c751e8b465ee728b)  -> (artifact id: 'faf713c34f0a117d23afcabb1fed9ca1') in 0.083761 seconds
  Import took 0.086468 seconds .

========================================================================
Received Import Request.
  Time since last request: 0.375967 seconds.
  path: Assets/Image/头像2.png
  artifactKey: Guid(027bea82612b8284ebb892f6ec85d609) Importer(815301076,1909f56bfc062723c751e8b465ee728b)
Start importing Assets/Image/头像2.png using Guid(027bea82612b8284ebb892f6ec85d609) Importer(815301076,1909f56bfc062723c751e8b465ee728b)  -> (artifact id: '232b5405381930c4cde50f6039272e60') in 0.015606 seconds
  Import took 0.018748 seconds .

========================================================================
Received Prepare
Registering precompiled user dll's ...
Registered in 0.000538 seconds.
Begin MonoManager ReloadAssembly
Native extension for WindowsStandalone target not found
Refreshing native plugins compatible for Editor in 0.34 ms, found 0 plugins.
Preloading 0 native plugins for Editor in 0.00 ms.
Invoked RoslynAnalysisRunner static constructor.
RoslynAnalysisRunner will not be running.
RoslynAnalysisRunner has terminated.
Mono: successfully reloaded assembly
- Completed reload, in  0.531 seconds
Platform modules already initialized, skipping
Refreshing native plugins compatible for Editor in 0.37 ms, found 0 plugins.
Preloading 0 native plugins for Editor in 0.00 ms.
Unloading 1173 Unused Serialized files (Serialized files now loaded: 0)
System memory in use before: 107.3 MB.
System memory in use after: 97.1 MB.

Unloading 62 unused Assets to reduce memory usage. Loaded Objects now: 1652.
Total: 7.588600 ms (FindLiveObjects: 0.281000 ms CreateObjectMapping: 0.053000 ms MarkObjects: 1.321600 ms  DeleteObjects: 5.932200 ms)

========================================================================
Received Prepare
Registering precompiled user dll's ...
Registered in 0.000684 seconds.
Begin MonoManager ReloadAssembly
Native extension for WindowsStandalone target not found
Refreshing native plugins compatible for Editor in 0.35 ms, found 0 plugins.
Preloading 0 native plugins for Editor in 0.00 ms.
Invoked RoslynAnalysisRunner static constructor.
RoslynAnalysisRunner will not be running.
RoslynAnalysisRunner has terminated.
Mono: successfully reloaded assembly
- Completed reload, in  0.521 seconds
Platform modules already initialized, skipping
Refreshing native plugins compatible for Editor in 0.35 ms, found 0 plugins.
Preloading 0 native plugins for Editor in 0.00 ms.
Unloading 1173 Unused Serialized files (Serialized files now loaded: 0)
System memory in use before: 107.4 MB.
System memory in use after: 97.1 MB.

Unloading 62 unused Assets to reduce memory usage. Loaded Objects now: 1655.
Total: 8.375300 ms (FindLiveObjects: 0.199000 ms CreateObjectMapping: 0.033300 ms MarkObjects: 1.391300 ms  DeleteObjects: 6.750500 ms)

AssetImportWorkerClient::OnTransportError - code=2 error=End of file
